===== Job started at Mon 23 Mar 22:53:24 GMT 2026 =====
RUN_ID: 12553424
MODEL: cnn | DATASET: audiomnist | FILTERBANK: mel
Installing requirements...

[notice] A new release of pip is available: 25.0.1 -> 26.0.1
[notice] To update, run: pip install --upgrade pip
===== Training started at Mon 23 Mar 22:53:26 GMT 2026 =====
Using device: cuda
GPU: NVIDIA L40S
Running hyperparameter sweep...
[I 2026-03-23 22:53:29,203] A new study created in memory with name: no-name-51afe9ed-db54-45d4-bddc-eb410440feed
[I 2026-03-23 22:55:57,614] Trial 0 finished with value: 99.56666666666666 and parameters: {'lr': 0.0028283873569686234}. Best is trial 0 with value: 99.56666666666666.
[I 2026-03-23 22:56:59,248] Trial 1 finished with value: 99.3 and parameters: {'lr': 0.0031820564230752952}. Best is trial 0 with value: 99.56666666666666.
[I 2026-03-23 22:57:59,945] Trial 2 finished with value: 99.43333333333334 and parameters: {'lr': 0.0060191957970150214}. Best is trial 0 with value: 99.56666666666666.
[I 2026-03-23 22:59:00,847] Trial 3 finished with value: 94.9 and parameters: {'lr': 0.00016752073503347283}. Best is trial 0 with value: 99.56666666666666.
[I 2026-03-23 23:00:01,818] Trial 4 finished with value: 90.43333333333334 and parameters: {'lr': 0.00012473542974677674}. Best is trial 0 with value: 99.56666666666666.
[I 2026-03-23 23:01:02,497] Trial 5 finished with value: 99.3 and parameters: {'lr': 0.0019729459145590715}. Best is trial 0 with value: 99.56666666666666.
[I 2026-03-23 23:01:14,477] Trial 6 pruned. 
[I 2026-03-23 23:01:26,566] Trial 7 pruned. 
[I 2026-03-23 23:02:14,759] Trial 8 pruned. 
[I 2026-03-23 23:03:14,665] Trial 9 finished with value: 99.16666666666667 and parameters: {'lr': 0.005993584735322501}. Best is trial 0 with value: 99.56666666666666.
[I 2026-03-23 23:03:26,775] Trial 10 pruned. 
[I 2026-03-23 23:03:50,978] Trial 11 pruned. 
[I 2026-03-23 23:04:39,410] Trial 12 pruned. 
[I 2026-03-23 23:04:51,539] Trial 13 pruned. 
[I 2026-03-23 23:06:31,631] Trial 14 finished with value: 99.63333333333334 and parameters: {'lr': 0.007575023376265862}. Best is trial 14 with value: 99.63333333333334.
[I 2026-03-23 23:06:43,758] Trial 15 pruned. 
[I 2026-03-23 23:07:44,571] Trial 16 finished with value: 99.66666666666667 and parameters: {'lr': 0.0032729024686955865}. Best is trial 16 with value: 99.66666666666667.
[I 2026-03-23 23:07:56,622] Trial 17 pruned. 
[I 2026-03-23 23:08:08,857] Trial 18 pruned. 
[I 2026-03-23 23:09:08,985] Trial 19 finished with value: 99.33333333333333 and parameters: {'lr': 0.004882700268293998}. Best is trial 16 with value: 99.66666666666667.
Hyperparameter sweep completed.
Accuracy: 99.67%
Parameters: {'lr': 0.0032729024686955865}
Hyperparameters used: {'lr': 0.0032729024686955865, 'model_init': {}}

Training CNN...
[Epoch 1/50]
Train Loss: 0.41 | Train Accuracy: 90.63% | Val Loss: 0.07 | Val Accuracy: 98.50%
Epoch Duration: 12s | Total Time Elapsed: 12s

[Epoch 2/50]
Train Loss: 0.04 | Train Accuracy: 99.18% | Val Loss: 0.03 | Val Accuracy: 99.33%
Epoch Duration: 12s | Total Time Elapsed: 24s

[Epoch 3/50]
Train Loss: 0.02 | Train Accuracy: 99.60% | Val Loss: 0.02 | Val Accuracy: 99.53%
Epoch Duration: 12s | Total Time Elapsed: 36s

[Epoch 4/50]
Train Loss: 0.01 | Train Accuracy: 99.82% | Val Loss: 0.02 | Val Accuracy: 99.57%
Epoch Duration: 12s | Total Time Elapsed: 48s

[Epoch 5/50]
Train Loss: 0.01 | Train Accuracy: 99.91% | Val Loss: 0.02 | Val Accuracy: 99.67%
Epoch Duration: 12s | Total Time Elapsed: 60s

[Epoch 6/50]
Train Loss: 0.01 | Train Accuracy: 99.92% | Val Loss: 0.02 | Val Accuracy: 99.40%
Epoch Duration: 12s | Total Time Elapsed: 72s

[Epoch 7/50]
Train Loss: 0.01 | Train Accuracy: 99.95% | Val Loss: 0.01 | Val Accuracy: 99.67%
Epoch Duration: 12s | Total Time Elapsed: 84s

[Epoch 8/50]
Train Loss: 0.00 | Train Accuracy: 99.97% | Val Loss: 0.02 | Val Accuracy: 99.40%
Epoch Duration: 12s | Total Time Elapsed: 97s

[Epoch 9/50]
Train Loss: 0.00 | Train Accuracy: 99.98% | Val Loss: 0.01 | Val Accuracy: 99.53%
Epoch Duration: 12s | Total Time Elapsed: 109s

[Epoch 10/50]
Train Loss: 0.00 | Train Accuracy: 99.99% | Val Loss: 0.01 | Val Accuracy: 99.57%
Epoch Duration: 12s | Total Time Elapsed: 121s

[Epoch 11/50]
Train Loss: 0.00 | Train Accuracy: 99.99% | Val Loss: 0.01 | Val Accuracy: 99.67%
Epoch Duration: 12s | Total Time Elapsed: 133s

[Epoch 12/50]
Train Loss: 0.00 | Train Accuracy: 100.00% | Val Loss: 0.01 | Val Accuracy: 99.83%
Epoch Duration: 12s | Total Time Elapsed: 145s

[Epoch 13/50]
Train Loss: 0.00 | Train Accuracy: 100.00% | Val Loss: 0.01 | Val Accuracy: 99.67%
Epoch Duration: 12s | Total Time Elapsed: 157s

[Epoch 14/50]
Train Loss: 0.00 | Train Accuracy: 100.00% | Val Loss: 0.01 | Val Accuracy: 99.73%
Epoch Duration: 12s | Total Time Elapsed: 169s

[Epoch 15/50]
Train Loss: 0.00 | Train Accuracy: 99.98% | Val Loss: 0.01 | Val Accuracy: 99.73%
Epoch Duration: 12s | Total Time Elapsed: 181s

[Epoch 16/50]
Train Loss: 0.00 | Train Accuracy: 100.00% | Val Loss: 0.01 | Val Accuracy: 99.80%
Epoch Duration: 12s | Total Time Elapsed: 193s

[Epoch 17/50]
Train Loss: 0.00 | Train Accuracy: 100.00% | Val Loss: 0.01 | Val Accuracy: 99.80%
Epoch Duration: 12s | Total Time Elapsed: 205s

[Epoch 18/50]
Train Loss: 0.00 | Train Accuracy: 100.00% | Val Loss: 0.01 | Val Accuracy: 99.80%
Epoch Duration: 12s | Total Time Elapsed: 217s

[Epoch 19/50]
Train Loss: 0.00 | Train Accuracy: 100.00% | Val Loss: 0.01 | Val Accuracy: 99.77%
Epoch Duration: 12s | Total Time Elapsed: 229s

[Epoch 20/50]
Train Loss: 0.00 | Train Accuracy: 100.00% | Val Loss: 0.01 | Val Accuracy: 99.77%
Epoch Duration: 12s | Total Time Elapsed: 241s

[Epoch 21/50]
Train Loss: 0.00 | Train Accuracy: 100.00% | Val Loss: 0.01 | Val Accuracy: 99.80%
Epoch Duration: 12s | Total Time Elapsed: 253s

[Epoch 22/50]
Stopping early at epoch 22 (no improvement for 10 epochs)
Training completed in 265s.
Best model had an accuracy of 99.83%.
Running benchmark on test set...
==========================================================================================
Layer (type:depth-idx)                   Output Shape              Param #
==========================================================================================
CNN                                      [1, 10]                   --
├─Sequential: 1-1                        [1, 32, 6, 1]             --
│    └─ConvBlock: 2-1                    [1, 8, 30, 11]            --
│    │    └─Sequential: 3-1              [1, 8, 30, 11]            224
│    └─ConvBlock: 2-2                    [1, 16, 14, 4]            --
│    │    └─Sequential: 3-2              [1, 16, 14, 4]            1,200
│    └─ConvBlock: 2-3                    [1, 32, 6, 1]             --
│    │    └─Sequential: 3-3              [1, 32, 6, 1]             4,704
├─Sequential: 1-2                        [1, 10]                   --
│    └─Flatten: 2-4                      [1, 192]                  --
│    └─Linear: 2-5                       [1, 10]                   1,930
==========================================================================================
Total params: 8,058
Trainable params: 8,058
Non-trainable params: 0
Total mult-adds (Units.MEGABYTES): 0.69
==========================================================================================
Input size (MB): 0.01
Forward/backward pass size (MB): 0.25
Params size (MB): 0.03
Estimated Total Size (MB): 0.29
==========================================================================================
Test Accuracy: 99.87% | Total MACs: 694,778 | Total ACs: 0
Results saved to /mnt/iusers01/fse-ugpgt01/compsci01/x06213zr/scratch/bio-inspired-sonar-for-underwater-object-detection/runs/cnn-audiomnist-mel_2026-03-23_22-53/results.json
===== Training finished at Mon 23 Mar 23:14:13 GMT 2026 =====
