===== Job started at Mon 23 Mar 23:13:53 GMT 2026 =====
RUN_ID: 12554281
MODEL: snn_direct | DATASET: audiomnist | FILTERBANK: mel
Installing requirements...

[notice] A new release of pip is available: 25.0.1 -> 26.0.1
[notice] To update, run: pip install --upgrade pip
===== Training started at Mon 23 Mar 23:14:03 GMT 2026 =====
Using device: cuda
GPU: NVIDIA L40S
Running hyperparameter sweep (Pareto front)...
[I 2026-03-23 23:14:48,363] A new study created in memory with name: no-name-fdc6b53c-c724-454d-8b23-d41ea0deecdd
[I 2026-03-23 23:17:19,799] Trial 0 finished with values: [97.9, 10.0] and parameters: {'lr': 0.0011032487949128936, 'beta_init': 0.8628264926663356, 'slope': 12, 'timesteps': 10}.
[I 2026-03-23 23:18:21,614] Trial 1 finished with values: [80.63333333333334, 10.0] and parameters: {'lr': 0.00012863452931941399, 'beta_init': 0.5146937669879914, 'slope': 30, 'timesteps': 10}.
[I 2026-03-23 23:19:22,951] Trial 2 finished with values: [73.93333333333334, 5.0] and parameters: {'lr': 0.00011393265707679103, 'beta_init': 0.8638436435903774, 'slope': 26, 'timesteps': 5}.
[I 2026-03-23 23:20:24,207] Trial 3 finished with values: [29.966666666666665, 15.0] and parameters: {'lr': 0.003633099710615346, 'beta_init': 0.8707630981600745, 'slope': 50, 'timesteps': 15}.
[I 2026-03-23 23:21:25,004] Trial 4 finished with values: [98.53333333333333, 5.0] and parameters: {'lr': 0.002240034660117284, 'beta_init': 0.7469898483425104, 'slope': 12, 'timesteps': 5}.
[I 2026-03-23 23:22:26,794] Trial 5 finished with values: [84.6, 5.0] and parameters: {'lr': 0.005892747915149522, 'beta_init': 0.7188222888396503, 'slope': 40, 'timesteps': 5}.
[I 2026-03-23 23:23:28,556] Trial 6 finished with values: [92.2, 15.0] and parameters: {'lr': 0.00019397108058847126, 'beta_init': 0.5012422363334177, 'slope': 17, 'timesteps': 15}.
[I 2026-03-23 23:24:30,052] Trial 7 finished with values: [84.2, 5.0] and parameters: {'lr': 0.00024812786962441995, 'beta_init': 0.8335281629840572, 'slope': 43, 'timesteps': 5}.
[I 2026-03-23 23:25:31,385] Trial 8 finished with values: [87.9, 5.0] and parameters: {'lr': 0.0068464891884056885, 'beta_init': 0.7594586241025612, 'slope': 30, 'timesteps': 5}.
[I 2026-03-23 23:26:32,854] Trial 9 finished with values: [95.4, 5.0] and parameters: {'lr': 0.0007353634671514813, 'beta_init': 0.6683127574455465, 'slope': 23, 'timesteps': 5}.
[I 2026-03-23 23:27:34,408] Trial 10 finished with values: [31.766666666666666, 10.0] and parameters: {'lr': 0.005295573166518168, 'beta_init': 0.9211968793249039, 'slope': 37, 'timesteps': 10}.
[I 2026-03-23 23:28:35,996] Trial 11 finished with values: [50.6, 15.0] and parameters: {'lr': 0.00011664649106824886, 'beta_init': 0.8529021518422362, 'slope': 50, 'timesteps': 15}.
[I 2026-03-23 23:29:37,436] Trial 12 finished with values: [96.73333333333333, 15.0] and parameters: {'lr': 0.0005503647275531845, 'beta_init': 0.658916607455493, 'slope': 13, 'timesteps': 15}.
[I 2026-03-23 23:30:39,002] Trial 13 finished with values: [91.33333333333333, 10.0] and parameters: {'lr': 0.00032657627118163213, 'beta_init': 0.6914458257419382, 'slope': 38, 'timesteps': 10}.
[I 2026-03-23 23:31:40,629] Trial 14 finished with values: [98.66666666666667, 15.0] and parameters: {'lr': 0.002354222559238344, 'beta_init': 0.6813751933741288, 'slope': 14, 'timesteps': 15}.
[I 2026-03-23 23:32:41,480] Trial 15 finished with values: [85.76666666666667, 5.0] and parameters: {'lr': 0.0005535960854400014, 'beta_init': 0.906181062524807, 'slope': 47, 'timesteps': 5}.
[I 2026-03-23 23:33:42,890] Trial 16 finished with values: [96.86666666666666, 10.0] and parameters: {'lr': 0.0007957243216281032, 'beta_init': 0.6559724878962243, 'slope': 37, 'timesteps': 10}.
[I 2026-03-23 23:34:44,373] Trial 17 finished with values: [59.9, 10.0] and parameters: {'lr': 0.006995159842553703, 'beta_init': 0.8198245073633841, 'slope': 17, 'timesteps': 10}.
[I 2026-03-23 23:35:46,258] Trial 18 finished with values: [96.16666666666667, 15.0] and parameters: {'lr': 0.0007673232197196451, 'beta_init': 0.5186335201447405, 'slope': 33, 'timesteps': 15}.
[I 2026-03-23 23:36:48,134] Trial 19 finished with values: [74.43333333333334, 15.0] and parameters: {'lr': 0.008230817567462738, 'beta_init': 0.86752300840931, 'slope': 10, 'timesteps': 15}.
Pareto front hyperparameter sweep completed.
Hyperparameters used: {'lr': 0.002240034660117284, 'model_init': {'beta_init': 0.7469898483425104, 'slope': 12, 'timesteps': 5}}

Training SNN_DIRECT...
[Epoch 1/50]
Train Loss: 1.26 | Train Accuracy: 59.48% | Val Loss: 0.59 | Val Accuracy: 83.93%
Epoch Duration: 12s | Total Time Elapsed: 12s

[Epoch 2/50]
Train Loss: 0.46 | Train Accuracy: 87.15% | Val Loss: 0.27 | Val Accuracy: 94.53%
Epoch Duration: 12s | Total Time Elapsed: 25s

[Epoch 3/50]
Train Loss: 0.21 | Train Accuracy: 96.52% | Val Loss: 0.20 | Val Accuracy: 97.20%
Epoch Duration: 12s | Total Time Elapsed: 37s

[Epoch 4/50]
Train Loss: 0.17 | Train Accuracy: 97.75% | Val Loss: 0.17 | Val Accuracy: 97.97%
Epoch Duration: 12s | Total Time Elapsed: 50s

[Epoch 5/50]
Train Loss: 0.14 | Train Accuracy: 98.24% | Val Loss: 0.14 | Val Accuracy: 98.17%
Epoch Duration: 12s | Total Time Elapsed: 62s

[Epoch 6/50]
Train Loss: 0.13 | Train Accuracy: 98.60% | Val Loss: 0.14 | Val Accuracy: 98.37%
Epoch Duration: 12s | Total Time Elapsed: 74s

[Epoch 7/50]
Train Loss: 0.12 | Train Accuracy: 98.84% | Val Loss: 0.13 | Val Accuracy: 98.57%
Epoch Duration: 12s | Total Time Elapsed: 87s

[Epoch 8/50]
Train Loss: 0.11 | Train Accuracy: 98.99% | Val Loss: 0.12 | Val Accuracy: 98.70%
Epoch Duration: 12s | Total Time Elapsed: 99s

[Epoch 9/50]
Train Loss: 0.11 | Train Accuracy: 99.11% | Val Loss: 0.11 | Val Accuracy: 99.00%
Epoch Duration: 12s | Total Time Elapsed: 111s

[Epoch 10/50]
Train Loss: 0.10 | Train Accuracy: 99.25% | Val Loss: 0.11 | Val Accuracy: 98.90%
Epoch Duration: 12s | Total Time Elapsed: 124s

[Epoch 11/50]
Train Loss: 0.10 | Train Accuracy: 99.29% | Val Loss: 0.11 | Val Accuracy: 98.90%
Epoch Duration: 12s | Total Time Elapsed: 136s

[Epoch 12/50]
Train Loss: 0.10 | Train Accuracy: 99.32% | Val Loss: 0.11 | Val Accuracy: 99.10%
Epoch Duration: 12s | Total Time Elapsed: 148s

[Epoch 13/50]
Train Loss: 0.09 | Train Accuracy: 99.36% | Val Loss: 0.11 | Val Accuracy: 99.13%
Epoch Duration: 12s | Total Time Elapsed: 160s

[Epoch 14/50]
Train Loss: 0.09 | Train Accuracy: 99.53% | Val Loss: 0.10 | Val Accuracy: 99.23%
Epoch Duration: 12s | Total Time Elapsed: 173s

[Epoch 15/50]
Train Loss: 0.09 | Train Accuracy: 99.47% | Val Loss: 0.10 | Val Accuracy: 99.30%
Epoch Duration: 12s | Total Time Elapsed: 185s

[Epoch 16/50]
Train Loss: 0.09 | Train Accuracy: 99.59% | Val Loss: 0.11 | Val Accuracy: 99.03%
Epoch Duration: 12s | Total Time Elapsed: 197s

[Epoch 17/50]
Train Loss: 0.08 | Train Accuracy: 99.57% | Val Loss: 0.10 | Val Accuracy: 99.27%
Epoch Duration: 12s | Total Time Elapsed: 210s

[Epoch 18/50]
Train Loss: 0.08 | Train Accuracy: 99.63% | Val Loss: 0.10 | Val Accuracy: 99.23%
Epoch Duration: 12s | Total Time Elapsed: 222s

[Epoch 19/50]
Train Loss: 0.08 | Train Accuracy: 99.58% | Val Loss: 0.10 | Val Accuracy: 99.20%
Epoch Duration: 12s | Total Time Elapsed: 234s

[Epoch 20/50]
Train Loss: 0.08 | Train Accuracy: 99.71% | Val Loss: 0.09 | Val Accuracy: 99.37%
Epoch Duration: 12s | Total Time Elapsed: 246s

[Epoch 21/50]
Train Loss: 0.08 | Train Accuracy: 99.66% | Val Loss: 0.09 | Val Accuracy: 99.30%
Epoch Duration: 12s | Total Time Elapsed: 259s

[Epoch 22/50]
Train Loss: 0.08 | Train Accuracy: 99.71% | Val Loss: 0.10 | Val Accuracy: 99.37%
Epoch Duration: 12s | Total Time Elapsed: 271s

[Epoch 23/50]
Train Loss: 0.08 | Train Accuracy: 99.68% | Val Loss: 0.09 | Val Accuracy: 99.30%
Epoch Duration: 12s | Total Time Elapsed: 283s

[Epoch 24/50]
Train Loss: 0.08 | Train Accuracy: 99.69% | Val Loss: 0.10 | Val Accuracy: 99.07%
Epoch Duration: 12s | Total Time Elapsed: 296s

[Epoch 25/50]
Train Loss: 0.08 | Train Accuracy: 99.75% | Val Loss: 0.09 | Val Accuracy: 99.53%
Epoch Duration: 12s | Total Time Elapsed: 308s

[Epoch 26/50]
Train Loss: 0.08 | Train Accuracy: 99.72% | Val Loss: 0.09 | Val Accuracy: 99.50%
Epoch Duration: 12s | Total Time Elapsed: 320s

[Epoch 27/50]
Train Loss: 0.07 | Train Accuracy: 99.76% | Val Loss: 0.10 | Val Accuracy: 99.13%
Epoch Duration: 12s | Total Time Elapsed: 332s

[Epoch 28/50]
Train Loss: 0.08 | Train Accuracy: 99.71% | Val Loss: 0.09 | Val Accuracy: 99.53%
Epoch Duration: 12s | Total Time Elapsed: 345s

[Epoch 29/50]
Train Loss: 0.07 | Train Accuracy: 99.79% | Val Loss: 0.08 | Val Accuracy: 99.53%
Epoch Duration: 12s | Total Time Elapsed: 357s

[Epoch 30/50]
Train Loss: 0.07 | Train Accuracy: 99.83% | Val Loss: 0.08 | Val Accuracy: 99.67%
Epoch Duration: 12s | Total Time Elapsed: 369s

[Epoch 31/50]
Train Loss: 0.07 | Train Accuracy: 99.81% | Val Loss: 0.08 | Val Accuracy: 99.60%
Epoch Duration: 12s | Total Time Elapsed: 382s

[Epoch 32/50]
Train Loss: 0.07 | Train Accuracy: 99.75% | Val Loss: 0.08 | Val Accuracy: 99.63%
Epoch Duration: 12s | Total Time Elapsed: 394s

[Epoch 33/50]
Train Loss: 0.07 | Train Accuracy: 99.79% | Val Loss: 0.09 | Val Accuracy: 99.53%
Epoch Duration: 12s | Total Time Elapsed: 406s

[Epoch 34/50]
Train Loss: 0.07 | Train Accuracy: 99.80% | Val Loss: 0.08 | Val Accuracy: 99.40%
Epoch Duration: 12s | Total Time Elapsed: 419s

[Epoch 35/50]
Train Loss: 0.07 | Train Accuracy: 99.79% | Val Loss: 0.09 | Val Accuracy: 99.47%
Epoch Duration: 12s | Total Time Elapsed: 431s

[Epoch 36/50]
Train Loss: 0.07 | Train Accuracy: 99.78% | Val Loss: 0.09 | Val Accuracy: 99.27%
Epoch Duration: 12s | Total Time Elapsed: 443s

[Epoch 37/50]
Train Loss: 0.07 | Train Accuracy: 99.81% | Val Loss: 0.09 | Val Accuracy: 99.50%
Epoch Duration: 12s | Total Time Elapsed: 456s

[Epoch 38/50]
Train Loss: 0.07 | Train Accuracy: 99.84% | Val Loss: 0.08 | Val Accuracy: 99.67%
Epoch Duration: 12s | Total Time Elapsed: 468s

[Epoch 39/50]
Train Loss: 0.07 | Train Accuracy: 99.80% | Val Loss: 0.09 | Val Accuracy: 99.40%
Epoch Duration: 12s | Total Time Elapsed: 480s

[Epoch 40/50]
Stopping early at epoch 40 (no improvement for 10 epochs)
Training completed in 493s.
Best model had an accuracy of 99.67%.
Running benchmark on test set...
Test Accuracy: 99.60% | Total MACs: 1,380,000 | Total ACs: 1,067,527
Results saved to /mnt/iusers01/fse-ugpgt01/compsci01/x06213zr/scratch/bio-inspired-sonar-for-underwater-object-detection/runs/snn_direct-audiomnist-mel_2026-03-23_23-13/results.json
===== Training finished at Mon 23 Mar 23:45:25 GMT 2026 =====
