===== Job started at Tue 24 Mar 20:44:58 GMT 2026 =====
RUN_ID: 12596892
MODEL: snn | DATASET: audiomnist | FILTERBANK: mel
Installing requirements...

[notice] A new release of pip is available: 25.0.1 -> 26.0.1
[notice] To update, run: pip install --upgrade pip
===== Training started at Tue 24 Mar 20:45:01 GMT 2026 =====
Using device: cuda
GPU: NVIDIA L40S
Running hyperparameter sweep...
[I 2026-03-24 20:45:12,790] A new study created in memory with name: no-name-c96d197a-8bc3-4711-a53d-4e4a478c8528
[I 2026-03-24 20:47:03,167] Trial 0 finished with value: 69.03333333333333 and parameters: {'lr': 0.0019107558621116697, 'beta_init': 0.8005417127256358, 'slope': 24}. Best is trial 0 with value: 69.03333333333333.
[I 2026-03-24 20:47:29,507] Trial 1 finished with value: 11.1 and parameters: {'lr': 0.004839188339798468, 'beta_init': 0.5982345367307836, 'slope': 23}. Best is trial 0 with value: 69.03333333333333.
[I 2026-03-24 20:47:55,957] Trial 2 finished with value: 11.1 and parameters: {'lr': 0.0029658329553558754, 'beta_init': 0.6762146969132847, 'slope': 25}. Best is trial 0 with value: 69.03333333333333.
[I 2026-03-24 20:48:22,728] Trial 3 finished with value: 60.833333333333336 and parameters: {'lr': 0.008638240698239406, 'beta_init': 0.6690251581372149, 'slope': 17}. Best is trial 0 with value: 69.03333333333333.
[I 2026-03-24 20:48:49,816] Trial 4 finished with value: 68.33333333333333 and parameters: {'lr': 0.006387675924702906, 'beta_init': 0.985345062108967, 'slope': 14}. Best is trial 0 with value: 69.03333333333333.
[I 2026-03-24 20:49:01,111] Trial 5 pruned. 
[I 2026-03-24 20:49:28,372] Trial 6 finished with value: 63.56666666666667 and parameters: {'lr': 0.0010046658754747414, 'beta_init': 0.8931590761831146, 'slope': 28}. Best is trial 0 with value: 69.03333333333333.
[I 2026-03-24 20:49:34,035] Trial 7 pruned. 
[I 2026-03-24 20:49:39,785] Trial 8 pruned. 
[I 2026-03-24 20:49:45,742] Trial 9 pruned. 
[I 2026-03-24 20:49:51,868] Trial 10 pruned. 
[I 2026-03-24 20:49:57,810] Trial 11 pruned. 
[I 2026-03-24 20:50:03,417] Trial 12 pruned. 
[I 2026-03-24 20:50:30,767] Trial 13 finished with value: 85.0 and parameters: {'lr': 0.005246039815618521, 'beta_init': 0.7994254548055378, 'slope': 11}. Best is trial 13 with value: 85.0.
[I 2026-03-24 20:50:57,975] Trial 14 finished with value: 73.7 and parameters: {'lr': 0.0023080647165317427, 'beta_init': 0.7950970586058005, 'slope': 39}. Best is trial 13 with value: 85.0.
[I 2026-03-24 20:51:03,642] Trial 15 pruned. 
[I 2026-03-24 20:51:30,910] Trial 16 finished with value: 72.36666666666666 and parameters: {'lr': 0.0031714770651571655, 'beta_init': 0.8275101272086095, 'slope': 39}. Best is trial 13 with value: 85.0.
[I 2026-03-24 20:51:36,611] Trial 17 pruned. 
[I 2026-03-24 20:51:42,365] Trial 18 pruned. 
[I 2026-03-24 20:51:48,139] Trial 19 pruned. 
Hyperparameter sweep completed.
Accuracy: 85.00%
Parameters: {'lr': 0.005246039815618521, 'beta_init': 0.7994254548055378, 'slope': 11}
Hyperparameters used: {'lr': 0.005246039815618521, 'model_init': {'beta_init': 0.7994254548055378, 'slope': 11}}

Training SNN...
[Epoch 1/50]
Train Loss: 2.02 | Train Accuracy: 24.55% | Val Loss: 1.38 | Val Accuracy: 53.53%
Epoch Duration: 6s | Total Time Elapsed: 6s

[Epoch 2/50]
Train Loss: 1.20 | Train Accuracy: 57.34% | Val Loss: 0.87 | Val Accuracy: 68.73%
Epoch Duration: 5s | Total Time Elapsed: 11s

[Epoch 3/50]
Train Loss: 0.89 | Train Accuracy: 68.77% | Val Loss: 0.71 | Val Accuracy: 73.87%
Epoch Duration: 5s | Total Time Elapsed: 16s

[Epoch 4/50]
Train Loss: 0.75 | Train Accuracy: 74.16% | Val Loss: 0.63 | Val Accuracy: 78.90%
Epoch Duration: 5s | Total Time Elapsed: 22s

[Epoch 5/50]
Train Loss: 0.86 | Train Accuracy: 70.95% | Val Loss: 0.73 | Val Accuracy: 76.03%
Epoch Duration: 5s | Total Time Elapsed: 27s

[Epoch 6/50]
Train Loss: 0.80 | Train Accuracy: 72.91% | Val Loss: 0.65 | Val Accuracy: 79.50%
Epoch Duration: 5s | Total Time Elapsed: 32s

[Epoch 7/50]
Train Loss: 0.66 | Train Accuracy: 77.15% | Val Loss: 0.57 | Val Accuracy: 82.23%
Epoch Duration: 5s | Total Time Elapsed: 38s

[Epoch 8/50]
Train Loss: 0.66 | Train Accuracy: 77.33% | Val Loss: 0.56 | Val Accuracy: 80.23%
Epoch Duration: 5s | Total Time Elapsed: 43s

[Epoch 9/50]
Train Loss: 0.76 | Train Accuracy: 74.06% | Val Loss: 0.61 | Val Accuracy: 78.77%
Epoch Duration: 5s | Total Time Elapsed: 49s

[Epoch 10/50]
Train Loss: 0.70 | Train Accuracy: 75.81% | Val Loss: 0.70 | Val Accuracy: 76.20%
Epoch Duration: 5s | Total Time Elapsed: 54s

[Epoch 11/50]
Train Loss: 0.66 | Train Accuracy: 77.11% | Val Loss: 0.57 | Val Accuracy: 82.43%
Epoch Duration: 5s | Total Time Elapsed: 59s

[Epoch 12/50]
Train Loss: 0.62 | Train Accuracy: 78.73% | Val Loss: 0.50 | Val Accuracy: 82.27%
Epoch Duration: 5s | Total Time Elapsed: 65s

[Epoch 13/50]
Train Loss: 0.59 | Train Accuracy: 79.82% | Val Loss: 0.48 | Val Accuracy: 83.20%
Epoch Duration: 5s | Total Time Elapsed: 70s

[Epoch 14/50]
Train Loss: 0.56 | Train Accuracy: 80.74% | Val Loss: 0.48 | Val Accuracy: 84.63%
Epoch Duration: 5s | Total Time Elapsed: 76s

[Epoch 15/50]
Train Loss: 0.57 | Train Accuracy: 80.46% | Val Loss: 0.50 | Val Accuracy: 81.50%
Epoch Duration: 5s | Total Time Elapsed: 81s

[Epoch 16/50]
Train Loss: 0.58 | Train Accuracy: 80.41% | Val Loss: 0.46 | Val Accuracy: 84.70%
Epoch Duration: 5s | Total Time Elapsed: 86s

[Epoch 17/50]
Train Loss: 0.58 | Train Accuracy: 80.11% | Val Loss: 0.50 | Val Accuracy: 82.50%
Epoch Duration: 5s | Total Time Elapsed: 92s

[Epoch 18/50]
Train Loss: 0.54 | Train Accuracy: 81.46% | Val Loss: 0.44 | Val Accuracy: 85.10%
Epoch Duration: 5s | Total Time Elapsed: 97s

[Epoch 19/50]
Train Loss: 0.51 | Train Accuracy: 82.35% | Val Loss: 0.45 | Val Accuracy: 85.47%
Epoch Duration: 5s | Total Time Elapsed: 102s

[Epoch 20/50]
Train Loss: 0.49 | Train Accuracy: 83.25% | Val Loss: 0.47 | Val Accuracy: 83.53%
Epoch Duration: 5s | Total Time Elapsed: 108s

[Epoch 21/50]
Train Loss: 0.50 | Train Accuracy: 82.77% | Val Loss: 0.47 | Val Accuracy: 84.23%
Epoch Duration: 5s | Total Time Elapsed: 113s

[Epoch 22/50]
Train Loss: 0.47 | Train Accuracy: 83.69% | Val Loss: 0.42 | Val Accuracy: 85.17%
Epoch Duration: 5s | Total Time Elapsed: 119s

[Epoch 23/50]
Train Loss: 0.49 | Train Accuracy: 83.23% | Val Loss: 0.37 | Val Accuracy: 86.80%
Epoch Duration: 5s | Total Time Elapsed: 124s

[Epoch 24/50]
Train Loss: 0.49 | Train Accuracy: 83.44% | Val Loss: 0.43 | Val Accuracy: 86.47%
Epoch Duration: 5s | Total Time Elapsed: 129s

[Epoch 25/50]
Train Loss: 0.47 | Train Accuracy: 83.75% | Val Loss: 0.39 | Val Accuracy: 87.07%
Epoch Duration: 5s | Total Time Elapsed: 135s

[Epoch 26/50]
Train Loss: 0.50 | Train Accuracy: 82.98% | Val Loss: 0.40 | Val Accuracy: 87.00%
Epoch Duration: 5s | Total Time Elapsed: 140s

[Epoch 27/50]
Train Loss: 0.44 | Train Accuracy: 84.82% | Val Loss: 0.37 | Val Accuracy: 88.27%
Epoch Duration: 5s | Total Time Elapsed: 146s

[Epoch 28/50]
Train Loss: 0.45 | Train Accuracy: 84.48% | Val Loss: 0.35 | Val Accuracy: 88.47%
Epoch Duration: 5s | Total Time Elapsed: 151s

[Epoch 29/50]
Train Loss: 0.43 | Train Accuracy: 85.22% | Val Loss: 0.36 | Val Accuracy: 87.90%
Epoch Duration: 5s | Total Time Elapsed: 156s

[Epoch 30/50]
Train Loss: 0.47 | Train Accuracy: 83.82% | Val Loss: 0.46 | Val Accuracy: 84.63%
Epoch Duration: 5s | Total Time Elapsed: 162s

[Epoch 31/50]
Train Loss: 0.47 | Train Accuracy: 84.00% | Val Loss: 0.33 | Val Accuracy: 88.73%
Epoch Duration: 5s | Total Time Elapsed: 167s

[Epoch 32/50]
Train Loss: 0.45 | Train Accuracy: 84.44% | Val Loss: 0.43 | Val Accuracy: 84.90%
Epoch Duration: 5s | Total Time Elapsed: 173s

[Epoch 33/50]
Train Loss: 0.45 | Train Accuracy: 84.33% | Val Loss: 0.39 | Val Accuracy: 87.87%
Epoch Duration: 5s | Total Time Elapsed: 178s

[Epoch 34/50]
Train Loss: 0.52 | Train Accuracy: 82.15% | Val Loss: 0.44 | Val Accuracy: 84.00%
Epoch Duration: 5s | Total Time Elapsed: 183s

[Epoch 35/50]
Train Loss: 0.47 | Train Accuracy: 84.23% | Val Loss: 0.37 | Val Accuracy: 88.00%
Epoch Duration: 5s | Total Time Elapsed: 189s

[Epoch 36/50]
Train Loss: 0.47 | Train Accuracy: 83.73% | Val Loss: 0.37 | Val Accuracy: 87.47%
Epoch Duration: 5s | Total Time Elapsed: 194s

[Epoch 37/50]
Train Loss: 0.45 | Train Accuracy: 84.54% | Val Loss: 0.37 | Val Accuracy: 87.17%
Epoch Duration: 5s | Total Time Elapsed: 199s

[Epoch 38/50]
Train Loss: 0.46 | Train Accuracy: 83.92% | Val Loss: 0.37 | Val Accuracy: 88.00%
Epoch Duration: 5s | Total Time Elapsed: 205s

[Epoch 39/50]
Train Loss: 0.48 | Train Accuracy: 83.25% | Val Loss: 0.37 | Val Accuracy: 87.47%
Epoch Duration: 5s | Total Time Elapsed: 210s

[Epoch 40/50]
Train Loss: 0.44 | Train Accuracy: 84.73% | Val Loss: 0.35 | Val Accuracy: 87.47%
Epoch Duration: 5s | Total Time Elapsed: 215s

[Epoch 41/50]
Train Loss: 0.42 | Train Accuracy: 85.41% | Val Loss: 0.32 | Val Accuracy: 89.33%
Epoch Duration: 5s | Total Time Elapsed: 221s

[Epoch 42/50]
Train Loss: 0.44 | Train Accuracy: 84.91% | Val Loss: 0.39 | Val Accuracy: 86.17%
Epoch Duration: 6s | Total Time Elapsed: 226s

[Epoch 43/50]
Train Loss: 0.43 | Train Accuracy: 85.00% | Val Loss: 0.36 | Val Accuracy: 88.03%
Epoch Duration: 5s | Total Time Elapsed: 232s

[Epoch 44/50]
Train Loss: 0.42 | Train Accuracy: 85.62% | Val Loss: 0.35 | Val Accuracy: 87.67%
Epoch Duration: 5s | Total Time Elapsed: 237s

[Epoch 45/50]
Train Loss: 0.41 | Train Accuracy: 85.57% | Val Loss: 0.34 | Val Accuracy: 88.57%
Epoch Duration: 5s | Total Time Elapsed: 242s

[Epoch 46/50]
Train Loss: 0.44 | Train Accuracy: 84.63% | Val Loss: 0.40 | Val Accuracy: 86.30%
Epoch Duration: 5s | Total Time Elapsed: 248s

[Epoch 47/50]
Train Loss: 0.48 | Train Accuracy: 83.64% | Val Loss: 0.35 | Val Accuracy: 87.97%
Epoch Duration: 5s | Total Time Elapsed: 253s

[Epoch 48/50]
Train Loss: 0.41 | Train Accuracy: 85.87% | Val Loss: 0.32 | Val Accuracy: 89.40%
Epoch Duration: 5s | Total Time Elapsed: 259s

[Epoch 49/50]
Train Loss: 0.43 | Train Accuracy: 85.08% | Val Loss: 0.37 | Val Accuracy: 88.33%
Epoch Duration: 5s | Total Time Elapsed: 264s

[Epoch 50/50]
Train Loss: 0.36 | Train Accuracy: 87.74% | Val Loss: 0.27 | Val Accuracy: 90.60%
Epoch Duration: 5s | Total Time Elapsed: 269s

Training completed in 269s.
Best model had an accuracy of 90.60%.
Running benchmark on test set...
Test Accuracy: 90.70% | Total MACs: 0 | Total ACs: 443,572
Results saved to /mnt/iusers01/fse-ugpgt01/compsci01/x06213zr/scratch/bio-inspired-sonar-for-underwater-object-detection/runs/snn-audiomnist-mel_2026-03-24_20-44/results.json
===== Training finished at Tue 24 Mar 20:56:50 GMT 2026 =====
