===== Job started at Tue 24 Mar 20:44:58 GMT 2026 =====
RUN_ID: 12596891
MODEL: snn_direct | DATASET: audiomnist | FILTERBANK: mel
Installing requirements...

[notice] A new release of pip is available: 25.0.1 -> 26.0.1
[notice] To update, run: pip install --upgrade pip
===== Training started at Tue 24 Mar 20:45:00 GMT 2026 =====
Using device: cuda
GPU: NVIDIA L40S
Running hyperparameter sweep (Pareto front)...
[I 2026-03-24 20:45:03,665] A new study created in memory with name: no-name-3dba034b-1eb9-4206-acab-7b0572255c37
[I 2026-03-24 20:59:26,312] Trial 0 finished with values: [93.8, 10.0] and parameters: {'lr': 0.00016180882712259827, 'beta_init': 0.9770608569960759, 'slope': 33, 'timesteps': 10}.
[I 2026-03-24 21:00:37,755] Trial 1 finished with values: [72.06666666666666, 15.0] and parameters: {'lr': 0.0010188356364072108, 'beta_init': 0.6069883057095454, 'slope': 10, 'timesteps': 15}.
[I 2026-03-24 21:01:43,879] Trial 2 finished with values: [11.1, 10.0] and parameters: {'lr': 0.0001456204168580991, 'beta_init': 0.858675888124138, 'slope': 33, 'timesteps': 10}.
[I 2026-03-24 21:02:55,518] Trial 3 finished with values: [11.1, 15.0] and parameters: {'lr': 0.004419413002218386, 'beta_init': 0.6398782930106245, 'slope': 23, 'timesteps': 15}.
[I 2026-03-24 21:04:07,662] Trial 4 finished with values: [98.76666666666667, 15.0] and parameters: {'lr': 0.0008031926832151654, 'beta_init': 0.8346292681831755, 'slope': 13, 'timesteps': 15}.
[I 2026-03-24 21:05:20,125] Trial 5 finished with values: [11.1, 15.0] and parameters: {'lr': 0.00010562546689623975, 'beta_init': 0.5958937606854843, 'slope': 37, 'timesteps': 15}.
[I 2026-03-24 21:06:32,405] Trial 6 finished with values: [97.3, 15.0] and parameters: {'lr': 0.0004072830676673424, 'beta_init': 0.8936887644031066, 'slope': 29, 'timesteps': 15}.
[I 2026-03-24 21:07:38,634] Trial 7 finished with values: [79.3, 10.0] and parameters: {'lr': 0.0014521160000393013, 'beta_init': 0.5822101181085267, 'slope': 12, 'timesteps': 10}.
[I 2026-03-24 21:08:50,386] Trial 8 finished with values: [97.66666666666667, 15.0] and parameters: {'lr': 0.0033482138168582855, 'beta_init': 0.7853330998461201, 'slope': 28, 'timesteps': 15}.
[I 2026-03-24 21:09:51,111] Trial 9 finished with values: [11.1, 5.0] and parameters: {'lr': 0.0016773162312959135, 'beta_init': 0.6243642337755058, 'slope': 16, 'timesteps': 5}.
[I 2026-03-24 21:10:51,530] Trial 10 finished with values: [11.1, 5.0] and parameters: {'lr': 0.00012459368511423386, 'beta_init': 0.940227659345499, 'slope': 29, 'timesteps': 5}.
[I 2026-03-24 21:12:03,545] Trial 11 finished with values: [11.1, 15.0] and parameters: {'lr': 0.00013696097736160597, 'beta_init': 0.7808550324090116, 'slope': 18, 'timesteps': 15}.
[I 2026-03-24 21:13:04,570] Trial 12 finished with values: [11.1, 5.0] and parameters: {'lr': 0.0004318858677161908, 'beta_init': 0.6068154924171861, 'slope': 44, 'timesteps': 5}.
[I 2026-03-24 21:14:05,607] Trial 13 finished with values: [11.1, 5.0] and parameters: {'lr': 0.00031405812511312264, 'beta_init': 0.5923141685502927, 'slope': 43, 'timesteps': 5}.
[I 2026-03-24 21:15:07,176] Trial 14 finished with values: [11.1, 5.0] and parameters: {'lr': 0.003299160168506584, 'beta_init': 0.6503237130563388, 'slope': 15, 'timesteps': 5}.
[I 2026-03-24 21:16:20,015] Trial 15 finished with values: [98.86666666666666, 15.0] and parameters: {'lr': 0.0022829046065642768, 'beta_init': 0.9294892656012246, 'slope': 27, 'timesteps': 15}.
[I 2026-03-24 21:17:27,016] Trial 16 finished with values: [11.1, 10.0] and parameters: {'lr': 0.00019090162274386385, 'beta_init': 0.7029876456230122, 'slope': 38, 'timesteps': 10}.
[I 2026-03-24 21:18:39,589] Trial 17 finished with values: [11.1, 15.0] and parameters: {'lr': 0.0005560043094771619, 'beta_init': 0.5921958396492305, 'slope': 50, 'timesteps': 15}.
[I 2026-03-24 21:19:46,576] Trial 18 finished with values: [94.86666666666666, 10.0] and parameters: {'lr': 0.00017226058389801689, 'beta_init': 0.9006742218144564, 'slope': 16, 'timesteps': 10}.
[I 2026-03-24 21:20:53,933] Trial 19 finished with values: [11.1, 10.0] and parameters: {'lr': 0.0023308453116979706, 'beta_init': 0.6075085086904719, 'slope': 15, 'timesteps': 10}.
Pareto front hyperparameter sweep completed.
Hyperparameters used: {'lr': 0.00017226058389801689, 'model_init': {'beta_init': 0.9006742218144564, 'slope': 16, 'timesteps': 10}}

Training SNN_DIRECT...
[Epoch 1/50]
Train Loss: 2.30 | Train Accuracy: 9.92% | Val Loss: 2.30 | Val Accuracy: 11.10%
Epoch Duration: 3s | Total Time Elapsed: 3s

[Epoch 2/50]
Train Loss: 2.08 | Train Accuracy: 20.65% | Val Loss: 1.19 | Val Accuracy: 64.43%
Epoch Duration: 3s | Total Time Elapsed: 5s

[Epoch 3/50]
Train Loss: 0.71 | Train Accuracy: 77.55% | Val Loss: 0.42 | Val Accuracy: 89.43%
Epoch Duration: 2s | Total Time Elapsed: 8s

[Epoch 4/50]
Train Loss: 0.41 | Train Accuracy: 88.31% | Val Loss: 0.30 | Val Accuracy: 92.67%
Epoch Duration: 2s | Total Time Elapsed: 10s

[Epoch 5/50]
Train Loss: 0.32 | Train Accuracy: 91.18% | Val Loss: 0.25 | Val Accuracy: 94.17%
Epoch Duration: 3s | Total Time Elapsed: 13s

[Epoch 6/50]
Train Loss: 0.27 | Train Accuracy: 92.86% | Val Loss: 0.22 | Val Accuracy: 95.27%
Epoch Duration: 2s | Total Time Elapsed: 15s

[Epoch 7/50]
Train Loss: 0.24 | Train Accuracy: 93.94% | Val Loss: 0.19 | Val Accuracy: 95.63%
Epoch Duration: 2s | Total Time Elapsed: 18s

[Epoch 8/50]
Train Loss: 0.21 | Train Accuracy: 94.65% | Val Loss: 0.17 | Val Accuracy: 96.43%
Epoch Duration: 2s | Total Time Elapsed: 20s

[Epoch 9/50]
Train Loss: 0.19 | Train Accuracy: 95.23% | Val Loss: 0.14 | Val Accuracy: 97.07%
Epoch Duration: 2s | Total Time Elapsed: 23s

[Epoch 10/50]
Train Loss: 0.17 | Train Accuracy: 95.90% | Val Loss: 0.13 | Val Accuracy: 97.00%
Epoch Duration: 2s | Total Time Elapsed: 25s

[Epoch 11/50]
Train Loss: 0.15 | Train Accuracy: 96.61% | Val Loss: 0.13 | Val Accuracy: 97.30%
Epoch Duration: 2s | Total Time Elapsed: 28s

[Epoch 12/50]
Train Loss: 0.13 | Train Accuracy: 97.09% | Val Loss: 0.11 | Val Accuracy: 97.50%
Epoch Duration: 2s | Total Time Elapsed: 30s

[Epoch 13/50]
Train Loss: 0.12 | Train Accuracy: 97.34% | Val Loss: 0.10 | Val Accuracy: 97.87%
Epoch Duration: 2s | Total Time Elapsed: 33s

[Epoch 14/50]
Train Loss: 0.11 | Train Accuracy: 97.43% | Val Loss: 0.10 | Val Accuracy: 98.00%
Epoch Duration: 2s | Total Time Elapsed: 35s

[Epoch 15/50]
Train Loss: 0.11 | Train Accuracy: 97.79% | Val Loss: 0.09 | Val Accuracy: 98.10%
Epoch Duration: 2s | Total Time Elapsed: 38s

[Epoch 16/50]
Train Loss: 0.10 | Train Accuracy: 97.87% | Val Loss: 0.08 | Val Accuracy: 98.50%
Epoch Duration: 2s | Total Time Elapsed: 40s

[Epoch 17/50]
Train Loss: 0.09 | Train Accuracy: 97.97% | Val Loss: 0.08 | Val Accuracy: 98.53%
Epoch Duration: 2s | Total Time Elapsed: 43s

[Epoch 18/50]
Train Loss: 0.09 | Train Accuracy: 98.25% | Val Loss: 0.08 | Val Accuracy: 98.53%
Epoch Duration: 2s | Total Time Elapsed: 45s

[Epoch 19/50]
Train Loss: 0.08 | Train Accuracy: 98.27% | Val Loss: 0.07 | Val Accuracy: 98.70%
Epoch Duration: 2s | Total Time Elapsed: 47s

[Epoch 20/50]
Train Loss: 0.08 | Train Accuracy: 98.45% | Val Loss: 0.07 | Val Accuracy: 98.70%
Epoch Duration: 2s | Total Time Elapsed: 50s

[Epoch 21/50]
Train Loss: 0.07 | Train Accuracy: 98.56% | Val Loss: 0.06 | Val Accuracy: 98.83%
Epoch Duration: 2s | Total Time Elapsed: 52s

[Epoch 22/50]
Train Loss: 0.07 | Train Accuracy: 98.53% | Val Loss: 0.06 | Val Accuracy: 98.93%
Epoch Duration: 2s | Total Time Elapsed: 55s

[Epoch 23/50]
Train Loss: 0.07 | Train Accuracy: 98.71% | Val Loss: 0.06 | Val Accuracy: 98.80%
Epoch Duration: 2s | Total Time Elapsed: 57s

[Epoch 24/50]
Train Loss: 0.07 | Train Accuracy: 98.66% | Val Loss: 0.06 | Val Accuracy: 99.03%
Epoch Duration: 2s | Total Time Elapsed: 60s

[Epoch 25/50]
Train Loss: 0.06 | Train Accuracy: 98.80% | Val Loss: 0.06 | Val Accuracy: 99.00%
Epoch Duration: 2s | Total Time Elapsed: 62s

[Epoch 26/50]
Train Loss: 0.06 | Train Accuracy: 98.85% | Val Loss: 0.05 | Val Accuracy: 99.27%
Epoch Duration: 2s | Total Time Elapsed: 65s

[Epoch 27/50]
Train Loss: 0.06 | Train Accuracy: 98.90% | Val Loss: 0.05 | Val Accuracy: 99.10%
Epoch Duration: 2s | Total Time Elapsed: 67s

[Epoch 28/50]
Train Loss: 0.05 | Train Accuracy: 98.93% | Val Loss: 0.05 | Val Accuracy: 99.10%
Epoch Duration: 2s | Total Time Elapsed: 70s

[Epoch 29/50]
Train Loss: 0.05 | Train Accuracy: 98.98% | Val Loss: 0.05 | Val Accuracy: 99.23%
Epoch Duration: 2s | Total Time Elapsed: 72s

[Epoch 30/50]
Train Loss: 0.05 | Train Accuracy: 99.01% | Val Loss: 0.05 | Val Accuracy: 99.03%
Epoch Duration: 2s | Total Time Elapsed: 75s

[Epoch 31/50]
Train Loss: 0.05 | Train Accuracy: 99.07% | Val Loss: 0.05 | Val Accuracy: 99.00%
Epoch Duration: 2s | Total Time Elapsed: 77s

[Epoch 32/50]
Train Loss: 0.05 | Train Accuracy: 99.10% | Val Loss: 0.04 | Val Accuracy: 99.30%
Epoch Duration: 2s | Total Time Elapsed: 80s

[Epoch 33/50]
Train Loss: 0.05 | Train Accuracy: 99.11% | Val Loss: 0.04 | Val Accuracy: 99.30%
Epoch Duration: 2s | Total Time Elapsed: 82s

[Epoch 34/50]
Train Loss: 0.05 | Train Accuracy: 99.16% | Val Loss: 0.04 | Val Accuracy: 99.27%
Epoch Duration: 2s | Total Time Elapsed: 85s

[Epoch 35/50]
Train Loss: 0.04 | Train Accuracy: 99.18% | Val Loss: 0.04 | Val Accuracy: 99.07%
Epoch Duration: 2s | Total Time Elapsed: 87s

[Epoch 36/50]
Train Loss: 0.04 | Train Accuracy: 99.15% | Val Loss: 0.04 | Val Accuracy: 99.23%
Epoch Duration: 2s | Total Time Elapsed: 90s

[Epoch 37/50]
Train Loss: 0.04 | Train Accuracy: 99.28% | Val Loss: 0.04 | Val Accuracy: 99.33%
Epoch Duration: 2s | Total Time Elapsed: 92s

[Epoch 38/50]
Train Loss: 0.04 | Train Accuracy: 99.24% | Val Loss: 0.04 | Val Accuracy: 99.40%
Epoch Duration: 2s | Total Time Elapsed: 95s

[Epoch 39/50]
Train Loss: 0.04 | Train Accuracy: 99.32% | Val Loss: 0.04 | Val Accuracy: 99.13%
Epoch Duration: 2s | Total Time Elapsed: 97s

[Epoch 40/50]
Train Loss: 0.04 | Train Accuracy: 99.29% | Val Loss: 0.04 | Val Accuracy: 99.30%
Epoch Duration: 2s | Total Time Elapsed: 100s

[Epoch 41/50]
Train Loss: 0.04 | Train Accuracy: 99.36% | Val Loss: 0.04 | Val Accuracy: 99.27%
Epoch Duration: 2s | Total Time Elapsed: 102s

[Epoch 42/50]
Train Loss: 0.04 | Train Accuracy: 99.36% | Val Loss: 0.04 | Val Accuracy: 99.20%
Epoch Duration: 2s | Total Time Elapsed: 105s

[Epoch 43/50]
Train Loss: 0.04 | Train Accuracy: 99.33% | Val Loss: 0.04 | Val Accuracy: 99.20%
Epoch Duration: 2s | Total Time Elapsed: 107s

[Epoch 44/50]
Train Loss: 0.04 | Train Accuracy: 99.29% | Val Loss: 0.04 | Val Accuracy: 99.47%
Epoch Duration: 2s | Total Time Elapsed: 110s

[Epoch 45/50]
Train Loss: 0.04 | Train Accuracy: 99.39% | Val Loss: 0.04 | Val Accuracy: 99.40%
Epoch Duration: 2s | Total Time Elapsed: 112s

[Epoch 46/50]
Train Loss: 0.04 | Train Accuracy: 99.27% | Val Loss: 0.04 | Val Accuracy: 99.23%
Epoch Duration: 2s | Total Time Elapsed: 114s

[Epoch 47/50]
Train Loss: 0.04 | Train Accuracy: 99.37% | Val Loss: 0.03 | Val Accuracy: 99.20%
Epoch Duration: 2s | Total Time Elapsed: 117s

[Epoch 48/50]
Train Loss: 0.04 | Train Accuracy: 99.40% | Val Loss: 0.03 | Val Accuracy: 99.40%
Epoch Duration: 3s | Total Time Elapsed: 119s

[Epoch 49/50]
Train Loss: 0.04 | Train Accuracy: 99.43% | Val Loss: 0.03 | Val Accuracy: 99.33%
Epoch Duration: 2s | Total Time Elapsed: 122s

[Epoch 50/50]
Train Loss: 0.03 | Train Accuracy: 99.50% | Val Loss: 0.04 | Val Accuracy: 99.20%
Epoch Duration: 2s | Total Time Elapsed: 124s

Training completed in 124s.
Best model had an accuracy of 99.47%.
Running benchmark on test set...
Traceback (most recent call last):
  File "<frozen runpy>", line 198, in _run_module_as_main
  File "<frozen runpy>", line 88, in _run_code
  File "/net/scratch/x06213zr/bio-inspired-sonar-for-underwater-object-detection/src/run_train.py", line 160, in <module>
    main()
  File "/net/scratch/x06213zr/bio-inspired-sonar-for-underwater-object-detection/src/run_train.py", line 146, in main
    results = train_and_benchmark(device, model_type, dataset_type, filterbank_type)
              ^^^^^^^^^^^^^^^^^^^^^^^^^^^^^^^^^^^^^^^^^^^^^^^^^^^^^^^^^^^^^^^^^^^^^^
  File "/net/scratch/x06213zr/bio-inspired-sonar-for-underwater-object-detection/src/run_train.py", line 82, in train_and_benchmark
    test_acc, macs, acs = components['benchmark_fn'](device, model, test_dataloader)
                          ^^^^^^^^^^^^^^^^^^^^^^^^^^^^^^^^^^^^^^^^^^^^^^^^^^^^^^^^^^
  File "/net/scratch/x06213zr/bio-inspired-sonar-for-underwater-object-detection/src/engine.py", line 192, in benchmark_snn
    total_macs = _calculate_conv2d_macs(model, next(iter(test_dataloader))[0]) if model.name == ModelType.SNN_DIRECT else 0
                 ^^^^^^^^^^^^^^^^^^^^^^^^^^^^^^^^^^^^^^^^^^^^^^^^^^^^^^^^^^^^^
  File "/net/scratch/x06213zr/bio-inspired-sonar-for-underwater-object-detection/src/engine.py", line 206, in _calculate_conv2d_macs
    conv2d = model.block1.conv
             ^^^^^^^^^^^^
  File "/mnt/iusers01/fse-ugpgt01/compsci01/x06213zr/scratch/bio-inspired-sonar-for-underwater-object-detection/.venv/lib/python3.12/site-packages/torch/nn/modules/module.py", line 1962, in __getattr__
    raise AttributeError(
AttributeError: 'SNNDirect' object has no attribute 'block1'. Did you mean: 'blocks'?
